d:\vis 7.x_vs2005_how to grab and savve_20160826\vis 7.x_vs2005_how to grab and savve_20160826\x64\release\vc80.pdb
d:\vis 7.x_vs2005_how to grab and savve_20160826\vis 7.x_vs2005_how to grab and savve_20160826\stdafx.pch
d:\vis 7.x_vs2005_how to grab and savve_20160826\vis 7.x_vs2005_how to grab and savve_20160826\x64\release\stdafx.obj
d:\vis 7.x_vs2005_how to grab and savve_20160826\vis 7.x_vs2005_how to grab and savve_20160826\x64\release\vwresourcetype.obj
d:\vis 7.x_vs2005_how to grab and savve_20160826\vis 7.x_vs2005_how to grab and savve_20160826\x64\release\vwgigecamera_v6.obj
d:\vis 7.x_vs2005_how to grab and savve_20160826\vis 7.x_vs2005_how to grab and savve_20160826\x64\release\singlecam_classdlg.obj
d:\vis 7.x_vs2005_how to grab and savve_20160826\vis 7.x_vs2005_how to grab and savve_20160826\x64\release\singlecam_class.obj
d:\vis 7.x_vs2005_how to grab and savve_20160826\vis 7.x_vs2005_how to grab and savve_20160826\x64\release\serialport.obj
d:\vis 7.x_vs2005_how to grab and savve_20160826\vis 7.x_vs2005_how to grab and savve_20160826\x64\release\singlecam_class.ilk
d:\vis 7.x_vs2005_how to grab and savve_20160826\vis 7.x_vs2005_how to grab and savve_20160826\x64\release\singlecam_class.exe
d:\vis 7.x_vs2005_how to grab and savve_20160826\vis 7.x_vs2005_how to grab and savve_20160826\x64\release\singlecam_class.res
d:\vis 7.x_vs2005_how to grab and savve_20160826\vis 7.x_vs2005_how to grab and savve_20160826\x64\release\singlecam_class.pdb
d:\vis 7.x_vs2005_how to grab and savve_20160826\vis 7.x_vs2005_how to grab and savve_20160826\x64\release\singlecam_class.tlog\cl.command.1.tlog
d:\vis 7.x_vs2005_how to grab and savve_20160826\vis 7.x_vs2005_how to grab and savve_20160826\x64\release\singlecam_class.tlog\cl.read.1.tlog
d:\vis 7.x_vs2005_how to grab and savve_20160826\vis 7.x_vs2005_how to grab and savve_20160826\x64\release\singlecam_class.tlog\cl.write.1.tlog
d:\vis 7.x_vs2005_how to grab and savve_20160826\vis 7.x_vs2005_how to grab and savve_20160826\x64\release\singlecam_class.tlog\link.command.1.tlog
d:\vis 7.x_vs2005_how to grab and savve_20160826\vis 7.x_vs2005_how to grab and savve_20160826\x64\release\singlecam_class.tlog\link.read.1.tlog
d:\vis 7.x_vs2005_how to grab and savve_20160826\vis 7.x_vs2005_how to grab and savve_20160826\x64\release\singlecam_class.tlog\link.write.1.tlog
d:\vis 7.x_vs2005_how to grab and savve_20160826\vis 7.x_vs2005_how to grab and savve_20160826\x64\release\singlecam_class.tlog\rc.command.1.tlog
d:\vis 7.x_vs2005_how to grab and savve_20160826\vis 7.x_vs2005_how to grab and savve_20160826\x64\release\singlecam_class.tlog\rc.read.1.tlog
d:\vis 7.x_vs2005_how to grab and savve_20160826\vis 7.x_vs2005_how to grab and savve_20160826\x64\release\singlecam_class.tlog\rc.write.1.tlog
